2025-06-11 22:19:28,091 - INFO - Starting FPL report generation
2025-06-11 22:19:28,091 - INFO - Loading FPL season data...
2025-06-11 22:19:28,114 - INFO - Successfully loaded 418 records from CSV
2025-06-11 22:19:28,129 - INFO - Successfully loaded 804 player mappings
2025-06-11 22:19:28,129 - INFO - Data loaded successfully
2025-06-11 22:19:28,143 - INFO - Manager chip data processed
2025-06-11 22:19:28,171 - INFO - Aggregated statistics calculated
2025-06-11 22:19:28,171 - INFO - Performing advanced analytics...
2025-06-11 22:19:28,681 - ERROR - Error generating FPL report
Traceback (most recent call last):
  File "/Users/tymeklenart/Documents/GitHub/fpl_stats/venv/lib/python3.13/site-packages/pandas/core/indexes/base.py", line 3805, in get_loc
    return self._engine.get_loc(casted_key)
           ~~~~~~~~~~~~~~~~~~~~^^^^^^^^^^^^
  File "index.pyx", line 167, in pandas._libs.index.IndexEngine.get_loc
  File "index.pyx", line 196, in pandas._libs.index.IndexEngine.get_loc
  File "pandas/_libs/hashtable_class_helper.pxi", line 7081, in pandas._libs.hashtable.PyObjectHashTable.get_item
  File "pandas/_libs/hashtable_class_helper.pxi", line 7089, in pandas._libs.hashtable.PyObjectHashTable.get_item
KeyError: 'transfer_time'

The above exception was the direct cause of the following exception:

Traceback (most recent call last):
  File "/Users/tymeklenart/Documents/GitHub/fpl_stats/fpl_generate_report_v3.py", line 85, in main
    transfer_timing = analyze_transfer_timing(df)
  File "/Users/tymeklenart/Documents/GitHub/fpl_stats/fpl_data.py", line 343, in analyze_transfer_timing
    early_mask = team_df['transfer_time'] > 24  # Assuming we add transfer_time column
                 ~~~~~~~^^^^^^^^^^^^^^^^^
  File "/Users/tymeklenart/Documents/GitHub/fpl_stats/venv/lib/python3.13/site-packages/pandas/core/frame.py", line 4102, in __getitem__
    indexer = self.columns.get_loc(key)
  File "/Users/tymeklenart/Documents/GitHub/fpl_stats/venv/lib/python3.13/site-packages/pandas/core/indexes/base.py", line 3812, in get_loc
    raise KeyError(key) from err
KeyError: 'transfer_time'
2025-06-11 22:20:55,605 - INFO - Starting FPL report generation
2025-06-11 22:20:55,605 - INFO - Loading FPL season data...
2025-06-11 22:20:55,616 - INFO - Successfully loaded 418 records from CSV
2025-06-11 22:20:55,622 - INFO - Successfully loaded 804 player mappings
2025-06-11 22:20:55,622 - INFO - Data loaded successfully
2025-06-11 22:20:55,635 - INFO - Manager chip data processed
2025-06-11 22:20:55,658 - INFO - Aggregated statistics calculated
2025-06-11 22:20:55,658 - INFO - Performing advanced analytics...
2025-06-11 22:20:59,467 - INFO - Generating predictions...
2025-06-11 22:20:59,508 - ERROR - Error generating FPL report
Traceback (most recent call last):
  File "/Users/tymeklenart/Documents/GitHub/fpl_stats/fpl_generate_report_v3.py", line 152, in main
    'Drużyna': agg_stats.loc[agg_stats['transfer_loss'].idxmin(), 'entry_name'],
               ~~~~~~~~~~~~~^^^^^^^^^^^^^^^^^^^^^^^^^^^^^^^^^^^^^^^^^^^^^^^^^^^
  File "/Users/tymeklenart/Documents/GitHub/fpl_stats/venv/lib/python3.13/site-packages/pandas/core/indexing.py", line 1183, in __getitem__
    return self.obj._get_value(*key, takeable=self._takeable)
           ~~~~~~~~~~~~~~~~~~~^^^^^^^^^^^^^^^^^^^^^^^^^^^^^^^
  File "/Users/tymeklenart/Documents/GitHub/fpl_stats/venv/lib/python3.13/site-packages/pandas/core/frame.py", line 4221, in _get_value
    row = self.index.get_loc(index)
  File "/Users/tymeklenart/Documents/GitHub/fpl_stats/venv/lib/python3.13/site-packages/pandas/core/indexes/range.py", line 417, in get_loc
    raise KeyError(key)
KeyError: nan
2025-06-11 22:23:56,425 - INFO - Starting FPL report generation
2025-06-11 22:23:56,426 - INFO - Loading FPL season data...
2025-06-11 22:23:56,439 - INFO - Successfully loaded 418 records from CSV
2025-06-11 22:23:56,449 - INFO - Successfully loaded 804 player mappings
2025-06-11 22:23:56,449 - INFO - Data loaded successfully
2025-06-11 22:23:56,461 - INFO - Manager chip data processed
2025-06-11 22:23:56,484 - INFO - Aggregated statistics calculated
2025-06-11 22:23:56,485 - INFO - Performing advanced analytics...
2025-06-11 22:24:00,459 - INFO - Generating predictions...
2025-06-11 22:24:00,502 - ERROR - Error generating FPL report
Traceback (most recent call last):
  File "/Users/tymeklenart/Documents/GitHub/fpl_stats/fpl_generate_report_v3.py", line 152, in main
    'Drużyna': agg_stats.loc[agg_stats['transfer_loss'].idxmin(), 'entry_name'],
               ~~~~~~~~~~~~~^^^^^^^^^^^^^^^^^^^^^^^^^^^^^^^^^^^^^^^^^^^^^^^^^^^
  File "/Users/tymeklenart/Documents/GitHub/fpl_stats/venv/lib/python3.13/site-packages/pandas/core/indexing.py", line 1183, in __getitem__
    return self.obj._get_value(*key, takeable=self._takeable)
           ~~~~~~~~~~~~~~~~~~~^^^^^^^^^^^^^^^^^^^^^^^^^^^^^^^
  File "/Users/tymeklenart/Documents/GitHub/fpl_stats/venv/lib/python3.13/site-packages/pandas/core/frame.py", line 4221, in _get_value
    row = self.index.get_loc(index)
  File "/Users/tymeklenart/Documents/GitHub/fpl_stats/venv/lib/python3.13/site-packages/pandas/core/indexes/range.py", line 417, in get_loc
    raise KeyError(key)
KeyError: nan
2025-06-11 22:25:33,711 - INFO - Starting FPL report generation
2025-06-11 22:25:33,712 - INFO - Loading FPL season data...
2025-06-11 22:25:33,726 - INFO - Successfully loaded 418 records from CSV
2025-06-11 22:25:33,732 - INFO - Successfully loaded 804 player mappings
2025-06-11 22:25:33,732 - INFO - Data loaded successfully
2025-06-11 22:25:33,747 - INFO - Manager chip data processed
2025-06-11 22:25:33,767 - INFO - Aggregated statistics calculated
2025-06-11 22:25:33,768 - INFO - Performing advanced analytics...
2025-06-11 22:25:38,637 - INFO - Generating predictions...
2025-06-11 22:25:38,681 - INFO - Generating awards section...
2025-06-11 22:25:38,682 - INFO - Saved awards HTML to fpl_output/awards.html
2025-06-11 22:25:38,683 - INFO - Converting awards HTML to PDF...
2025-06-11 22:25:42,814 - INFO - Saved awards PDF to fpl_output/awards.pdf
2025-06-11 22:25:42,815 - INFO - Awards documents generated: fpl_output/awards.html, fpl_output/awards.pdf
2025-06-11 22:25:42,815 - INFO - Starting interactive dashboard
2025-06-11 22:25:43,400 - ERROR - Error generating FPL report
Traceback (most recent call last):
  File "/Users/tymeklenart/Documents/GitHub/fpl_stats/fpl_generate_report_v3.py", line 183, in main
    run_dashboard(
    ~~~~~~~~~~~~~^
        df=df,
        ^^^^^^
    ...<5 lines>...
        debug=True
        ^^^^^^^^^^
    )
    ^
  File "/Users/tymeklenart/Documents/GitHub/fpl_stats/fpl_dashboard.py", line 343, in run_dashboard
    app = create_dashboard(df, agg, streak_data, h2h_data, whatif, corr_data)
  File "/Users/tymeklenart/Documents/GitHub/fpl_stats/fpl_dashboard.py", line 322, in create_dashboard
    dcc.Graph(id='positions-plot', figure=create_league_positions_figure(df))
                                          ~~~~~~~~~~~~~~~~~~~~~~~~~~~~~~^^^^
  File "/Users/tymeklenart/Documents/GitHub/fpl_stats/fpl_dashboard.py", line 192, in create_league_positions_figure
    fig.update_yaxis(tickmode='linear')
    ^^^^^^^^^^^^^^^^
AttributeError: 'Figure' object has no attribute 'update_yaxis'. Did you mean: 'update_yaxes'?
2025-06-11 22:26:28,568 - INFO - Starting FPL report generation
2025-06-11 22:26:28,568 - INFO - Loading FPL season data...
2025-06-11 22:26:28,579 - INFO - Successfully loaded 418 records from CSV
2025-06-11 22:26:28,585 - INFO - Successfully loaded 804 player mappings
2025-06-11 22:26:28,585 - INFO - Data loaded successfully
2025-06-11 22:26:28,597 - INFO - Manager chip data processed
2025-06-11 22:26:28,626 - INFO - Aggregated statistics calculated
2025-06-11 22:26:28,626 - INFO - Performing advanced analytics...
2025-06-11 22:26:32,739 - INFO - Generating predictions...
2025-06-11 22:26:32,784 - INFO - Generating awards section...
2025-06-11 22:26:32,785 - INFO - Saved awards HTML to fpl_output/awards.html
2025-06-11 22:26:32,785 - INFO - Converting awards HTML to PDF...
2025-06-11 22:26:35,868 - INFO - Saved awards PDF to fpl_output/awards.pdf
2025-06-11 22:26:35,869 - INFO - Awards documents generated: fpl_output/awards.html, fpl_output/awards.pdf
2025-06-11 22:26:35,869 - INFO - Starting interactive dashboard
2025-06-11 22:26:36,301 - ERROR - Error generating FPL report
Traceback (most recent call last):
  File "/Users/tymeklenart/Documents/GitHub/fpl_stats/fpl_generate_report_v3.py", line 183, in main
    run_dashboard(
    ~~~~~~~~~~~~~^
        df=df,
        ^^^^^^
    ...<5 lines>...
        debug=True
        ^^^^^^^^^^
    )
    ^
  File "/Users/tymeklenart/Documents/GitHub/fpl_stats/fpl_dashboard.py", line 343, in run_dashboard
    app = create_dashboard(df, agg, streak_data, h2h_data, whatif, corr_data)
  File "/Users/tymeklenart/Documents/GitHub/fpl_stats/fpl_dashboard.py", line 333, in create_dashboard
    dcc.Graph(id='correlation-plot', figure=create_team_correlation_figure(corr_data))
                                            ~~~~~~~~~~~~~~~~~~~~~~~~~~~~~~^^^^^^^^^^^
  File "/Users/tymeklenart/Documents/GitHub/fpl_stats/fpl_dashboard.py", line 233, in create_team_correlation_figure
    G = nx.Graph()
        ^^
NameError: name 'nx' is not defined. Did you mean: 'np'?
2025-06-11 22:27:29,530 - INFO - Starting FPL report generation
2025-06-11 22:27:29,532 - INFO - Loading FPL season data...
2025-06-11 22:27:29,543 - INFO - Successfully loaded 418 records from CSV
2025-06-11 22:27:29,551 - INFO - Successfully loaded 804 player mappings
2025-06-11 22:27:29,552 - INFO - Data loaded successfully
2025-06-11 22:27:29,563 - INFO - Manager chip data processed
2025-06-11 22:27:29,605 - INFO - Aggregated statistics calculated
2025-06-11 22:27:29,605 - INFO - Performing advanced analytics...
2025-06-11 22:27:34,635 - INFO - Generating predictions...
2025-06-11 22:27:34,678 - INFO - Generating awards section...
2025-06-11 22:27:34,679 - INFO - Saved awards HTML to fpl_output/awards.html
2025-06-11 22:27:34,679 - INFO - Converting awards HTML to PDF...
2025-06-11 22:27:38,368 - INFO - Saved awards PDF to fpl_output/awards.pdf
2025-06-11 22:27:38,369 - INFO - Awards documents generated: fpl_output/awards.html, fpl_output/awards.pdf
2025-06-11 22:27:38,369 - INFO - Starting interactive dashboard
2025-06-11 22:27:38,920 - ERROR - Error generating FPL report
Traceback (most recent call last):
  File "/Users/tymeklenart/Documents/GitHub/fpl_stats/fpl_generate_report_v3.py", line 183, in main
    run_dashboard(
    ~~~~~~~~~~~~~^
        df=df,
        ^^^^^^
    ...<5 lines>...
        debug=True
        ^^^^^^^^^^
    )
    ^
  File "/Users/tymeklenart/Documents/GitHub/fpl_stats/fpl_dashboard.py", line 345, in run_dashboard
    app.run_server(debug=debug)
    ^^^^^^^^^^^^^^
  File "/Users/tymeklenart/Documents/GitHub/fpl_stats/venv/lib/python3.13/site-packages/dash/_obsolete.py", line 22, in __getattr__
    raise err.exc(err.message)
dash.exceptions.ObsoleteAttributeException: app.run_server has been replaced by app.run
2025-06-11 22:28:59,023 - INFO - Starting FPL report generation
2025-06-11 22:28:59,023 - INFO - Loading FPL season data...
2025-06-11 22:28:59,038 - INFO - Successfully loaded 418 records from CSV
2025-06-11 22:28:59,047 - INFO - Successfully loaded 804 player mappings
2025-06-11 22:28:59,047 - INFO - Data loaded successfully
2025-06-11 22:28:59,063 - INFO - Manager chip data processed
2025-06-11 22:28:59,086 - INFO - Aggregated statistics calculated
2025-06-11 22:28:59,086 - INFO - Performing advanced analytics...
2025-06-11 22:29:04,454 - INFO - Generating predictions...
2025-06-11 22:29:04,499 - INFO - Generating awards section...
2025-06-11 22:29:04,499 - INFO - Saved awards HTML to fpl_output/awards.html
2025-06-11 22:29:04,499 - INFO - Converting awards HTML to PDF...
2025-06-11 22:29:08,348 - INFO - Saved awards PDF to fpl_output/awards.pdf
2025-06-11 22:29:08,349 - INFO - Awards documents generated: fpl_output/awards.html, fpl_output/awards.pdf
2025-06-11 22:29:08,349 - INFO - Starting interactive dashboard
2025-06-11 22:29:08,899 - INFO - Dash is running on http://127.0.0.1:8050/

2025-06-11 22:29:13,452 - INFO - Starting FPL report generation
2025-06-11 22:29:13,453 - INFO - Loading FPL season data...
2025-06-11 22:29:13,470 - INFO - Successfully loaded 418 records from CSV
2025-06-11 22:29:13,479 - INFO - Successfully loaded 804 player mappings
2025-06-11 22:29:13,479 - INFO - Data loaded successfully
2025-06-11 22:29:13,492 - INFO - Manager chip data processed
2025-06-11 22:29:13,513 - INFO - Aggregated statistics calculated
2025-06-11 22:29:13,513 - INFO - Performing advanced analytics...
2025-06-11 22:29:18,208 - INFO - Generating predictions...
2025-06-11 22:29:18,283 - INFO - Generating awards section...
2025-06-11 22:29:18,284 - INFO - Saved awards HTML to fpl_output/awards.html
2025-06-11 22:29:18,284 - INFO - Converting awards HTML to PDF...
2025-06-11 22:29:22,155 - INFO - Saved awards PDF to fpl_output/awards.pdf
2025-06-11 22:29:22,155 - INFO - Awards documents generated: fpl_output/awards.html, fpl_output/awards.pdf
2025-06-11 22:29:22,156 - INFO - Starting interactive dashboard
2025-06-11 22:40:36,811 - INFO - Dashboard completed
2025-06-11 22:40:36,811 - INFO - FPL report generation completed successfully
2025-06-11 22:40:37,065 - INFO - Dashboard completed
2025-06-11 22:40:37,065 - INFO - FPL report generation completed successfully
2025-06-11 22:46:59,066 - INFO - Starting FPL report generation
2025-06-11 22:46:59,066 - INFO - Loading FPL season data...
2025-06-11 22:46:59,076 - INFO - Successfully loaded 418 records from CSV
2025-06-11 22:46:59,088 - INFO - Successfully loaded 804 player mappings
2025-06-11 22:46:59,088 - INFO - Data loaded successfully
2025-06-11 22:46:59,101 - INFO - Manager chip data processed
2025-06-11 22:46:59,121 - INFO - Aggregated statistics calculated
2025-06-11 22:46:59,121 - INFO - Performing advanced analytics...
2025-06-11 22:47:03,889 - INFO - Generating predictions...
2025-06-11 22:47:03,932 - INFO - Generating awards section...
2025-06-11 22:47:03,933 - INFO - Saved awards HTML to fpl_output/awards.html
2025-06-11 22:47:03,933 - INFO - Converting awards HTML to PDF...
2025-06-11 22:47:07,221 - INFO - Saved awards PDF to fpl_output/awards.pdf
2025-06-11 22:47:07,221 - INFO - Awards documents generated: fpl_output/awards.html, fpl_output/awards.pdf
2025-06-11 22:47:07,221 - INFO - Starting interactive dashboard
2025-06-11 22:47:07,848 - ERROR - Error generating FPL report
Traceback (most recent call last):
  File "/Users/tymeklenart/Documents/GitHub/fpl_stats/fpl_generate_report_v3.py", line 183, in main
    run_dashboard(
    ~~~~~~~~~~~~~^
        df=df,
        ^^^^^^
    ...<5 lines>...
        debug=True
        ^^^^^^^^^^
    )
    ^
  File "/Users/tymeklenart/Documents/GitHub/fpl_stats/fpl_dashboard.py", line 612, in run_dashboard
    app = create_dashboard(df, agg, streak_data, h2h_data, whatif, corr_data)
  File "/Users/tymeklenart/Documents/GitHub/fpl_stats/fpl_dashboard.py", line 565, in create_dashboard
    dcc.Graph(id='h2h-plot', figure=create_h2h_figure(h2h_data))
                                    ~~~~~~~~~~~~~~~~~^^^^^^^^^^
  File "/Users/tymeklenart/Documents/GitHub/fpl_stats/fpl_dashboard.py", line 209, in create_h2h_figure
    fig = go.Figure(data=go.Heatmap(
                         ~~~~~~~~~~^
        z=matrix,
        ^^^^^^^^^
    ...<18 lines>...
        )
        ^
    ))
    ^
  File "/Users/tymeklenart/Documents/GitHub/fpl_stats/venv/lib/python3.13/site-packages/plotly/graph_objs/_heatmap.py", line 2461, in __init__
    self._set_property("colorbar", arg, colorbar)
    ~~~~~~~~~~~~~~~~~~^^^^^^^^^^^^^^^^^^^^^^^^^^^
  File "/Users/tymeklenart/Documents/GitHub/fpl_stats/venv/lib/python3.13/site-packages/plotly/basedatatypes.py", line 4422, in _set_property
    _set_property_provided_value(self, name, arg, provided)
    ~~~~~~~~~~~~~~~~~~~~~~~~~~~~^^^^^^^^^^^^^^^^^^^^^^^^^^^
  File "/Users/tymeklenart/Documents/GitHub/fpl_stats/venv/lib/python3.13/site-packages/plotly/basedatatypes.py", line 398, in _set_property_provided_value
    obj[name] = val
    ~~~^^^^^^
  File "/Users/tymeklenart/Documents/GitHub/fpl_stats/venv/lib/python3.13/site-packages/plotly/basedatatypes.py", line 4944, in __setitem__
    self._set_compound_prop(prop, value)
    ~~~~~~~~~~~~~~~~~~~~~~~^^^^^^^^^^^^^
  File "/Users/tymeklenart/Documents/GitHub/fpl_stats/venv/lib/python3.13/site-packages/plotly/basedatatypes.py", line 5355, in _set_compound_prop
    val = validator.validate_coerce(val, skip_invalid=self._skip_invalid)
  File "/Users/tymeklenart/Documents/GitHub/fpl_stats/venv/lib/python3.13/site-packages/_plotly_utils/basevalidators.py", line 2489, in validate_coerce
    v = self.data_class(v, skip_invalid=skip_invalid, _validate=_validate)
  File "/Users/tymeklenart/Documents/GitHub/fpl_stats/venv/lib/python3.13/site-packages/plotly/graph_objs/heatmap/_colorbar.py", line 1724, in __init__
    self._process_kwargs(**dict(arg, **kwargs))
    ~~~~~~~~~~~~~~~~~~~~^^^^^^^^^^^^^^^^^^^^^^^
  File "/Users/tymeklenart/Documents/GitHub/fpl_stats/venv/lib/python3.13/site-packages/plotly/basedatatypes.py", line 4470, in _process_kwargs
    raise err
ValueError: Invalid property specified for object of type plotly.graph_objs.heatmap.ColorBar: 'titleside'

Did you mean "title"?

    Valid properties:
        bgcolor
            Sets the color of padded area.
        bordercolor
            Sets the axis line color.
        borderwidth
            Sets the width (in px) or the border enclosing this
            color bar.
        dtick
            Sets the step in-between ticks on this axis. Use with
            `tick0`. Must be a positive number, or special strings
            available to "log" and "date" axes. If the axis `type`
            is "log", then ticks are set every 10^(n*dtick) where n
            is the tick number. For example, to set a tick mark at
            1, 10, 100, 1000, ... set dtick to 1. To set tick marks
            at 1, 100, 10000, ... set dtick to 2. To set tick marks
            at 1, 5, 25, 125, 625, 3125, ... set dtick to
            log_10(5), or 0.69897000433. "log" has several special
            values; "L<f>", where `f` is a positive number, gives
            ticks linearly spaced in value (but not position). For
            example `tick0` = 0.1, `dtick` = "L0.5" will put ticks
            at 0.1, 0.6, 1.1, 1.6 etc. To show powers of 10 plus
            small digits between, use "D1" (all digits) or "D2"
            (only 2 and 5). `tick0` is ignored for "D1" and "D2".
            If the axis `type` is "date", then you must convert the
            time to milliseconds. For example, to set the interval
            between ticks to one day, set `dtick` to 86400000.0.
            "date" also has special values "M<n>" gives ticks
            spaced by a number of months. `n` must be a positive
            integer. To set ticks on the 15th of every third month,
            set `tick0` to "2000-01-15" and `dtick` to "M3". To set
            ticks every 4 years, set `dtick` to "M48"
        exponentformat
            Determines a formatting rule for the tick exponents.
            For example, consider the number 1,000,000,000. If
            "none", it appears as 1,000,000,000. If "e", 1e+9. If
            "E", 1E+9. If "power", 1x10^9 (with 9 in a super
            script). If "SI", 1G. If "B", 1B.
        labelalias
            Replacement text for specific tick or hover labels. For
            example using {US: 'USA', CA: 'Canada'} changes US to
            USA and CA to Canada. The labels we would have shown
            must match the keys exactly, after adding any
            tickprefix or ticksuffix. For negative numbers the
            minus sign symbol used (U+2212) is wider than the
            regular ascii dash. That means you need to use −1
            instead of -1. labelalias can be used with any axis
            type, and both keys (if needed) and values (if desired)
            can include html-like tags or MathJax.
        len
            Sets the length of the color bar This measure excludes
            the padding of both ends. That is, the color bar length
            is this length minus the padding on both ends.
        lenmode
            Determines whether this color bar's length (i.e. the
            measure in the color variation direction) is set in
            units of plot "fraction" or in *pixels. Use `len` to
            set the value.
        minexponent
            Hide SI prefix for 10^n if |n| is below this number.
            This only has an effect when `tickformat` is "SI" or
            "B".
        nticks
            Specifies the maximum number of ticks for the
            particular axis. The actual number of ticks will be
            chosen automatically to be less than or equal to
            `nticks`. Has an effect only if `tickmode` is set to
            "auto".
        orientation
            Sets the orientation of the colorbar.
        outlinecolor
            Sets the axis line color.
        outlinewidth
            Sets the width (in px) of the axis line.
        separatethousands
            If "true", even 4-digit integers are separated
        showexponent
            If "all", all exponents are shown besides their
            significands. If "first", only the exponent of the
            first tick is shown. If "last", only the exponent of
            the last tick is shown. If "none", no exponents appear.
        showticklabels
            Determines whether or not the tick labels are drawn.
        showtickprefix
            If "all", all tick labels are displayed with a prefix.
            If "first", only the first tick is displayed with a
            prefix. If "last", only the last tick is displayed with
            a suffix. If "none", tick prefixes are hidden.
        showticksuffix
            Same as `showtickprefix` but for tick suffixes.
        thickness
            Sets the thickness of the color bar This measure
            excludes the size of the padding, ticks and labels.
        thicknessmode
            Determines whether this color bar's thickness (i.e. the
            measure in the constant color direction) is set in
            units of plot "fraction" or in "pixels". Use
            `thickness` to set the value.
        tick0
            Sets the placement of the first tick on this axis. Use
            with `dtick`. If the axis `type` is "log", then you
            must take the log of your starting tick (e.g. to set
            the starting tick to 100, set the `tick0` to 2) except
            when `dtick`=*L<f>* (see `dtick` for more info). If the
            axis `type` is "date", it should be a date string, like
            date data. If the axis `type` is "category", it should
            be a number, using the scale where each category is
            assigned a serial number from zero in the order it
            appears.
        tickangle
            Sets the angle of the tick labels with respect to the
            horizontal. For example, a `tickangle` of -90 draws the
            tick labels vertically.
        tickcolor
            Sets the tick color.
        tickfont
            Sets the color bar's tick label font
        tickformat
            Sets the tick label formatting rule using d3 formatting
            mini-languages which are very similar to those in
            Python. For numbers, see:
            https://github.com/d3/d3-format/tree/v1.4.5#d3-format.
            And for dates see: https://github.com/d3/d3-time-
            format/tree/v2.2.3#locale_format. We add two items to
            d3's date formatter: "%h" for half of the year as a
            decimal number as well as "%{n}f" for fractional
            seconds with n digits. For example, *2016-10-13
            09:15:23.456* with tickformat "%H~%M~%S.%2f" would
            display "09~15~23.46"
        tickformatstops
            A tuple of :class:`plotly.graph_objects.heatmap.colorba
            r.Tickformatstop` instances or dicts with compatible
            properties
        tickformatstopdefaults
            When used in a template (as layout.template.data.heatma
            p.colorbar.tickformatstopdefaults), sets the default
            property values to use for elements of
            heatmap.colorbar.tickformatstops
        ticklabeloverflow
            Determines how we handle tick labels that would
            overflow either the graph div or the domain of the
            axis. The default value for inside tick labels is *hide
            past domain*. In other cases the default is *hide past
            div*.
        ticklabelposition
            Determines where tick labels are drawn relative to the
            ticks. Left and right options are used when
            `orientation` is "h", top and bottom when `orientation`
            is "v".
        ticklabelstep
            Sets the spacing between tick labels as compared to the
            spacing between ticks. A value of 1 (default) means
            each tick gets a label. A value of 2 means shows every
            2nd label. A larger value n means only every nth tick
            is labeled. `tick0` determines which labels are shown.
            Not implemented for axes with `type` "log" or
            "multicategory", or when `tickmode` is "array".
        ticklen
            Sets the tick length (in px).
        tickmode
            Sets the tick mode for this axis. If "auto", the number
            of ticks is set via `nticks`. If "linear", the
            placement of the ticks is determined by a starting
            position `tick0` and a tick step `dtick` ("linear" is
            the default value if `tick0` and `dtick` are provided).
            If "array", the placement of the ticks is set via
            `tickvals` and the tick text is `ticktext`. ("array" is
            the default value if `tickvals` is provided).
        tickprefix
            Sets a tick label prefix.
        ticks
            Determines whether ticks are drawn or not. If "", this
            axis' ticks are not drawn. If "outside" ("inside"),
            this axis' are drawn outside (inside) the axis lines.
        ticksuffix
            Sets a tick label suffix.
        ticktext
            Sets the text displayed at the ticks position via
            `tickvals`. Only has an effect if `tickmode` is set to
            "array". Used with `tickvals`.
        ticktextsrc
            Sets the source reference on Chart Studio Cloud for
            `ticktext`.
        tickvals
            Sets the values at which ticks on this axis appear.
            Only has an effect if `tickmode` is set to "array".
            Used with `ticktext`.
        tickvalssrc
            Sets the source reference on Chart Studio Cloud for
            `tickvals`.
        tickwidth
            Sets the tick width (in px).
        title
            :class:`plotly.graph_objects.heatmap.colorbar.Title`
            instance or dict with compatible properties
        x
            Sets the x position with respect to `xref` of the color
            bar (in plot fraction). When `xref` is "paper",
            defaults to 1.02 when `orientation` is "v" and 0.5 when
            `orientation` is "h". When `xref` is "container",
            defaults to 1 when `orientation` is "v" and 0.5 when
            `orientation` is "h". Must be between 0 and 1 if `xref`
            is "container" and between "-2" and 3 if `xref` is
            "paper".
        xanchor
            Sets this color bar's horizontal position anchor. This
            anchor binds the `x` position to the "left", "center"
            or "right" of the color bar. Defaults to "left" when
            `orientation` is "v" and "center" when `orientation` is
            "h".
        xpad
            Sets the amount of padding (in px) along the x
            direction.
        xref
            Sets the container `x` refers to. "container" spans the
            entire `width` of the plot. "paper" refers to the width
            of the plotting area only.
        y
            Sets the y position with respect to `yref` of the color
            bar (in plot fraction). When `yref` is "paper",
            defaults to 0.5 when `orientation` is "v" and 1.02 when
            `orientation` is "h". When `yref` is "container",
            defaults to 0.5 when `orientation` is "v" and 1 when
            `orientation` is "h". Must be between 0 and 1 if `yref`
            is "container" and between "-2" and 3 if `yref` is
            "paper".
        yanchor
            Sets this color bar's vertical position anchor This
            anchor binds the `y` position to the "top", "middle" or
            "bottom" of the color bar. Defaults to "middle" when
            `orientation` is "v" and "bottom" when `orientation` is
            "h".
        ypad
            Sets the amount of padding (in px) along the y
            direction.
        yref
            Sets the container `y` refers to. "container" spans the
            entire `height` of the plot. "paper" refers to the
            height of the plotting area only.
        
Did you mean "title"?

Bad property path:
titleside
^^^^^^^^^
